<?xml version="1.0" encoding="UTF-8"?>
<!-- Generated by org.testng.reporters.JUnitReportReporter -->
<testsuite hostname="SSANDPC1ATKW9" failures="0" tests="1" name="SeleniumBasicFeatures.Element_DoubleClick" time="4.521" errors="0" timestamp="2021-04-19T19:28:04 IST" skipped="0">
  <testcase classname="SeleniumBasicFeatures.Element_DoubleClick" name="doubleClick" time="4.521"/>
  <system-out/>
</testsuite> <!-- SeleniumBasicFeatures.Element_DoubleClick -->
