<?xml version="1.0" encoding="UTF-8"?>
<!-- Generated by org.testng.reporters.JUnitReportReporter -->
<testsuite hostname="SSANDPC1ATKW9" failures="0" tests="1" name="SeleniumBasicFeatures.Element_DropDown" time="4.386" errors="0" timestamp="2021-04-25T21:43:03 IST" skipped="0">
  <testcase classname="SeleniumBasicFeatures.Element_DropDown" name="test1" time="4.386"/>
  <system-out/>
</testsuite> <!-- SeleniumBasicFeatures.Element_DropDown -->
