<?xml version="1.0" encoding="UTF-8"?>
<!-- Generated by org.testng.reporters.JUnitReportReporter -->
<testsuite hostname="SSANDPC1ATKW9" failures="0" tests="1" name="SeleniumBasicFeatures.Element_Calendar" time="7.151" errors="0" timestamp="2021-05-05T19:14:27 IST" skipped="0">
  <testcase classname="SeleniumBasicFeatures.Element_Calendar" name="testCal" time="7.151"/>
  <system-out/>
</testsuite> <!-- SeleniumBasicFeatures.Element_Calendar -->
