<?xml version="1.0" encoding="UTF-8"?>
<!-- Generated by org.testng.reporters.JUnitReportReporter -->
<testsuite hostname="SSANDPC1ATKW9" failures="0" tests="2" name="SeleniumBasicFeatures.Elements_WebTable_W3" time="7.756" errors="0" timestamp="2021-04-20T13:58:26 IST" skipped="0">
  <testcase classname="SeleniumBasicFeatures.Elements_WebTable_W3" name="launch" time="5.562"/>
  <system-out/>
  <testcase classname="SeleniumBasicFeatures.Elements_WebTable_W3" name="testTable" time="2.194"/>
  <system-out/>
</testsuite> <!-- SeleniumBasicFeatures.Elements_WebTable_W3 -->
