<?xml version="1.0" encoding="UTF-8"?>
<!-- Generated by org.testng.reporters.JUnitReportReporter -->
<testsuite hostname="SSANDPC1ATKW9" failures="0" tests="3" name="SeleniumBasicFeatures.Elements_MouseHover_DragDrop" time="11.479" errors="0" timestamp="2021-04-20T15:33:29 IST" skipped="0">
  <testcase classname="SeleniumBasicFeatures.Elements_MouseHover_DragDrop" name="launch" time="3.685"/>
  <system-out/>
  <testcase classname="SeleniumBasicFeatures.Elements_MouseHover_DragDrop" name="table" time="2.104"/>
  <system-out/>
  <testcase classname="SeleniumBasicFeatures.Elements_MouseHover_DragDrop" name="hover" time="5.690"/>
  <system-out/>
</testsuite> <!-- SeleniumBasicFeatures.Elements_MouseHover_DragDrop -->
