<?xml version="1.0" encoding="UTF-8"?>
<!-- Generated by org.testng.reporters.JUnitReportReporter -->
<testsuite hostname="SSANDPC1ATKW9" failures="0" tests="1" name="SeleniumBasicFeatures.Element_Checkbox" time="4.575" errors="0" timestamp="2021-04-17T02:02:32 IST" skipped="0">
  <testcase classname="SeleniumBasicFeatures.Element_Checkbox" name="testCheckbox" time="4.575"/>
  <system-out/>
</testsuite> <!-- SeleniumBasicFeatures.Element_Checkbox -->
