<?xml version="1.0" encoding="UTF-8"?>
<!-- Generated by org.testng.reporters.JUnitReportReporter -->
<testsuite hostname="SSANDPC1ATKW9" failures="0" tests="2" name="SeleniumBasicFeatures.Elements_MouseHover" time="9.760" errors="0" timestamp="2021-04-20T00:15:18 IST" skipped="0">
  <testcase classname="SeleniumBasicFeatures.Elements_MouseHover" name="launch" time="3.997"/>
  <system-out/>
  <testcase classname="SeleniumBasicFeatures.Elements_MouseHover" name="hover" time="5.763"/>
  <system-out/>
</testsuite> <!-- SeleniumBasicFeatures.Elements_MouseHover -->
