<?xml version="1.0" encoding="UTF-8"?>
<!-- Generated by org.testng.reporters.JUnitReportReporter -->
<testsuite hostname="SSANDPC1ATKW9" failures="0" tests="1" name="SeleniumBasicFeatures.Element_Alert" time="5.575" errors="0" timestamp="2021-04-20T20:10:07 IST" skipped="0">
  <testcase classname="SeleniumBasicFeatures.Element_Alert" name="alerts" time="5.575"/>
  <system-out/>
</testsuite> <!-- SeleniumBasicFeatures.Element_Alert -->
