<?xml version="1.0" encoding="UTF-8"?>
<!-- Generated by org.testng.reporters.JUnitReportReporter -->
<testsuite hostname="SSANDPC1ATKW9" failures="0" tests="1" name="SeleniumBasicFeatures.TricentisLinkElement" time="6.269" errors="0" timestamp="2021-04-12T11:58:35 IST" skipped="0">
  <testcase classname="SeleniumBasicFeatures.TricentisLinkElement" name="test1" time="6.269"/>
  <system-out/>
</testsuite> <!-- SeleniumBasicFeatures.TricentisLinkElement -->
