<?xml version="1.0" encoding="UTF-8"?>
<!-- Generated by org.testng.reporters.JUnitReportReporter -->
<testsuite hostname="SSANDPC1ATKW9" failures="0" tests="1" name="SeleniumBasicFeatures.Elements_Text" time="6.567" errors="0" timestamp="2021-04-16T19:26:58 IST" skipped="0">
  <testcase classname="SeleniumBasicFeatures.Elements_Text" name="testTextBox" time="6.567"/>
  <system-out/>
</testsuite> <!-- SeleniumBasicFeatures.Elements_Text -->
