<?xml version="1.0" encoding="UTF-8"?>
<!-- Generated by org.testng.reporters.JUnitReportReporter -->
<testsuite hostname="SSANDPC1ATKW9" failures="0" tests="1" name="SeleniumBasicFeatures.Element_Alert" time="6.067" errors="0" timestamp="2021-04-22T19:43:57 IST" skipped="0">
  <testcase classname="SeleniumBasicFeatures.Element_Alert" name="alerts" time="6.067"/>
  <system-out/>
</testsuite> <!-- SeleniumBasicFeatures.Element_Alert -->
