<?xml version="1.0" encoding="UTF-8"?>
<!-- Generated by org.testng.reporters.JUnitReportReporter -->
<testsuite hostname="SSANDPC1ATKW9" failures="0" tests="1" name="SeleniumBasicFeatures.Element_UploadFile" time="8.945" errors="0" timestamp="2021-04-29T00:57:26 IST" skipped="0">
  <testcase classname="SeleniumBasicFeatures.Element_UploadFile" name="upload" time="8.945"/>
  <system-out/>
</testsuite> <!-- SeleniumBasicFeatures.Element_UploadFile -->
