<?xml version="1.0" encoding="UTF-8"?>
<!-- Generated by org.testng.reporters.JUnitReportReporter -->
<testsuite hostname="SSANDPC1ATKW9" failures="0" tests="1" name="SeleniumBasicFeatures.ListOfElements" time="6.931" errors="0" timestamp="2021-04-16T17:48:40 IST" skipped="0">
  <testcase classname="SeleniumBasicFeatures.ListOfElements" name="test1" time="6.931"/>
  <system-out/>
</testsuite> <!-- SeleniumBasicFeatures.ListOfElements -->
