<?xml version="1.0" encoding="UTF-8"?>
<!-- Generated by org.testng.reporters.JUnitReportReporter -->
<testsuite hostname="SSANDPC1ATKW9" failures="0" tests="2" name="SeleniumBasicFeatures.Naukri" time="4.291" errors="0" timestamp="2021-04-21T14:38:20 IST" skipped="1">
  <testcase classname="SeleniumBasicFeatures.Naukri" name="test2" time="4.291"/>
  <system-out/>
  <testcase classname="SeleniumBasicFeatures.Naukri" name="test">
    <skipped/>
  </testcase> <!-- test -->
  <system-out/>
</testsuite> <!-- SeleniumBasicFeatures.Naukri -->
