<?xml version="1.0" encoding="UTF-8"?>
<!-- Generated by org.testng.reporters.JUnitReportReporter -->
<testsuite hostname="SSANDPC1ATKW9" failures="0" tests="1" name="SeleniumBasicFeatures.FirstSelenium" time="4.108" errors="0" timestamp="2021-04-12T11:42:49 IST" skipped="0">
  <testcase classname="SeleniumBasicFeatures.FirstSelenium" name="launchBrowser" time="4.108"/>
  <system-out/>
</testsuite> <!-- SeleniumBasicFeatures.FirstSelenium -->
